<?xml version="1.0" encoding="UTF-8"?>
<!-- Generated by org.testng.reporters.JUnitXMLReporter -->
<testsuite ignored="0" hostname="DESKTOP-MGCOIO3" failures="1" tests="2" name="Error Test" time="25.694" errors="0" timestamp="2024-04-08T13:20:04 IST">
  <testcase classname="newPack.Test.ErrorValidationTest" name="itemEquality" time="12.481"/>
  <testcase classname="newPack.Test.ErrorValidationTest" name="loginError" time="0.438">
    <failure type="java.lang.AssertionError" message="expected [Incorrect mail or password.] but found [Incorrect email or password.]">
      <![CDATA[java.lang.AssertionError: expected [Incorrect mail or password.] but found [Incorrect email or password.]
at newPack.Test.ErrorValidationTest.loginError(ErrorValidationTest.java:28)
at java.base/java.util.ArrayList.forEach(ArrayList.java:1511)
... Removed 33 stack frames]]>
    </failure>
  </testcase> <!-- loginError -->
</testsuite> <!-- Error Test -->
