<?xml version="1.0" encoding="UTF-8"?>
<!-- Generated by org.testng.reporters.JUnitXMLReporter -->
<testsuite ignored="0" hostname="DESKTOP-MGCOIO3" failures="0" tests="4" name="Submit Order Test" time="53.259" errors="0" timestamp="2024-04-08T13:19:38 IST">
  <testcase classname="newPack.Test.StandaloneFrameworkDesign" name="play" time="14.392"/>
  <testcase classname="newPack.Test.StandaloneFrameworkDesign" name="play" time="5.596"/>
  <testcase classname="newPack.Test.StandaloneFrameworkDesign" name="play1" time="0.74"/>
  <testcase classname="newPack.Test.StandaloneFrameworkDesign" name="play1" time="0.729"/>
</testsuite> <!-- Submit Order Test -->
