<?xml version="1.0" encoding="UTF-8"?>
<!-- Generated by org.testng.reporters.JUnitXMLReporter -->
<testsuite ignored="0" hostname="DESKTOP-MGCOIO3" failures="0" tests="4" name="Test" time="52.622" errors="0" timestamp="2024-03-21T08:31:25 IST">
  <testcase classname="newPack.Test.StandaloneFrameworkDesign" name="play" time="13.753"/>
  <testcase classname="newPack.Test.StandaloneFrameworkDesign" name="play1" time="0.92"/>
  <testcase classname="newPack.Test.ErrorValidationTest" name="play" time="0.479"/>
  <testcase classname="newPack.Test.ErrorValidationTest" name="play2" time="11.584"/>
</testsuite> <!-- Test -->
